{"numTotalTestSuites":70,"numPassedTestSuites":70,"numFailedTestSuites":0,"numPendingTestSuites":0,"numTotalTests":85,"numPassedTests":85,"numFailedTests":0,"numPendingTests":0,"numTodoTests":0,"snapshot":{"added":0,"failure":false,"filesAdded":0,"filesRemoved":0,"filesRemovedList":[],"filesUnmatched":0,"filesUpdated":0,"matched":0,"total":0,"unchecked":0,"uncheckedKeysByFile":[],"unmatched":0,"updated":0,"didUpdate":false},"startTime":1765572385829,"success":true,"testResults":[{"assertionResults":[{"ancestorTitles":["Rotas de Admin - Integração","Controle de Acesso e Segurança"],"fullName":"Rotas de Admin - Integração Controle de Acesso e Segurança deve negar acesso sem autenticação (401)","status":"passed","title":"deve negar acesso sem autenticação (401)","duration":3439.0794000000005,"failureMessages":[],"meta":{}},{"ancestorTitles":["Rotas de Admin - Integração","Controle de Acesso e Segurança"],"fullName":"Rotas de Admin - Integração Controle de Acesso e Segurança deve negar acesso para usuário não-admin (403)","status":"passed","title":"deve negar acesso para usuário não-admin (403)","duration":423.09719999999834,"failureMessages":[],"meta":{}},{"ancestorTitles":["Rotas de Admin - Integração","Controle de Acesso e Segurança"],"fullName":"Rotas de Admin - Integração Controle de Acesso e Segurança deve permitir acesso para usuário admin","status":"passed","title":"deve permitir acesso para usuário admin","duration":446.34330000000045,"failureMessages":[],"meta":{}},{"ancestorTitles":["Rotas de Admin - Integração","Gerenciamento de Produtos (CRUD)"],"fullName":"Rotas de Admin - Integração Gerenciamento de Produtos (CRUD) deve listar produtos para o admin","status":"passed","title":"deve listar produtos para o admin","duration":496.89810000000034,"failureMessages":[],"meta":{}},{"ancestorTitles":["Rotas de Admin - Integração","Gerenciamento de Produtos (CRUD)"],"fullName":"Rotas de Admin - Integração Gerenciamento de Produtos (CRUD) deve criar um novo produto","status":"passed","title":"deve criar um novo produto","duration":493.10469999999987,"failureMessages":[],"meta":{}},{"ancestorTitles":["Rotas de Admin - Integração","Gerenciamento de Produtos (CRUD)"],"fullName":"Rotas de Admin - Integração Gerenciamento de Produtos (CRUD) deve deletar um produto","status":"passed","title":"deve deletar um produto","duration":433.1954000000005,"failureMessages":[],"meta":{}}],"startTime":1765572393328,"endTime":1765572399060.1953,"status":"passed","message":"","name":"C:/www/api_calvao_de_cria/tests/e2e/routes/admin.routes.spec.ts"},{"assertionResults":[{"ancestorTitles":["Rotas de Autenticação - Integração","POST /api/v1/auth/register"],"fullName":"Rotas de Autenticação - Integração POST /api/v1/auth/register deve registrar um novo usuário com sucesso","status":"passed","title":"deve registrar um novo usuário com sucesso","duration":3250.0233000000007,"failureMessages":[],"meta":{}},{"ancestorTitles":["Rotas de Autenticação - Integração","POST /api/v1/auth/register"],"fullName":"Rotas de Autenticação - Integração POST /api/v1/auth/register deve falhar com email duplicado","status":"passed","title":"deve falhar com email duplicado","duration":204.53300000000127,"failureMessages":[],"meta":{}},{"ancestorTitles":["Rotas de Autenticação - Integração","POST /api/v1/auth/register"],"fullName":"Rotas de Autenticação - Integração POST /api/v1/auth/register deve falhar quando campos obrigatórios estão faltando","status":"passed","title":"deve falhar quando campos obrigatórios estão faltando","duration":10.166600000000471,"failureMessages":[],"meta":{}},{"ancestorTitles":["Rotas de Autenticação - Integração","POST /api/v1/auth/login"],"fullName":"Rotas de Autenticação - Integração POST /api/v1/auth/login deve fazer login com credenciais válidas","status":"passed","title":"deve fazer login com credenciais válidas","duration":312.9827000000005,"failureMessages":[],"meta":{}},{"ancestorTitles":["Rotas de Autenticação - Integração","POST /api/v1/auth/login"],"fullName":"Rotas de Autenticação - Integração POST /api/v1/auth/login deve falhar com credenciais inválidas","status":"passed","title":"deve falhar com credenciais inválidas","duration":210.63470000000052,"failureMessages":[],"meta":{}},{"ancestorTitles":["Rotas de Autenticação - Integração","Segurança: Token de Usuário Deletado"],"fullName":"Rotas de Autenticação - Integração Segurança: Token de Usuário Deletado deve rejeitar token de usuário que foi deletado (401)","status":"passed","title":"deve rejeitar token de usuário que foi deletado (401)","duration":240.40060000000085,"failureMessages":[],"meta":{}}],"startTime":1765572393514,"endTime":1765572397743.4006,"status":"passed","message":"","name":"C:/www/api_calvao_de_cria/tests/e2e/routes/auth.routes.spec.ts"},{"assertionResults":[{"ancestorTitles":["Rotas de Carrinho - Integração","POST /api/v1/cart/items"],"fullName":"Rotas de Carrinho - Integração POST /api/v1/cart/items deve criar carrinho de visitante quando não há token","status":"passed","title":"deve criar carrinho de visitante quando não há token","duration":3232.322,"failureMessages":[],"meta":{}},{"ancestorTitles":["Rotas de Carrinho - Integração","POST /api/v1/cart/items"],"fullName":"Rotas de Carrinho - Integração POST /api/v1/cart/items deve adicionar item ao carrinho do usuário logado","status":"passed","title":"deve adicionar item ao carrinho do usuário logado","duration":522.4614000000001,"failureMessages":[],"meta":{}}],"startTime":1765572393533,"endTime":1765572397287.4614,"status":"passed","message":"","name":"C:/www/api_calvao_de_cria/tests/e2e/routes/cart.routes.spec.ts"},{"assertionResults":[{"ancestorTitles":["Rotas de Checkout - Integração","POST /api/v1/checkout"],"fullName":"Rotas de Checkout - Integração POST /api/v1/checkout deve criar um pedido com sucesso","status":"passed","title":"deve criar um pedido com sucesso","duration":3820.0585,"failureMessages":[],"meta":{}},{"ancestorTitles":["Rotas de Checkout - Integração","POST /api/v1/checkout"],"fullName":"Rotas de Checkout - Integração POST /api/v1/checkout deve falhar quando o carrinho está vazio","status":"passed","title":"deve falhar quando o carrinho está vazio","duration":370.58940000000075,"failureMessages":[],"meta":{}}],"startTime":1765572393537,"endTime":1765572397727.5894,"status":"passed","message":"","name":"C:/www/api_calvao_de_cria/tests/e2e/routes/checkout.routes.spec.ts"},{"assertionResults":[{"ancestorTitles":["Rotas de Produtos - Integração","GET /api/v1/products"],"fullName":"Rotas de Produtos - Integração GET /api/v1/products deve retornar lista paginada de produtos","status":"passed","title":"deve retornar lista paginada de produtos","duration":2987.0860000000002,"failureMessages":[],"meta":{}},{"ancestorTitles":["Rotas de Produtos - Integração","GET /api/v1/products"],"fullName":"Rotas de Produtos - Integração GET /api/v1/products deve filtrar produtos pelo nome","status":"passed","title":"deve filtrar produtos pelo nome","duration":162.17309999999998,"failureMessages":[],"meta":{}},{"ancestorTitles":["Rotas de Produtos - Integração","GET /api/v1/products/:productId"],"fullName":"Rotas de Produtos - Integração GET /api/v1/products/:productId deve retornar detalhes do produto com ID válido","status":"passed","title":"deve retornar detalhes do produto com ID válido","duration":132.32819999999992,"failureMessages":[],"meta":{}},{"ancestorTitles":["Rotas de Produtos - Integração","GET /api/v1/products/:productId"],"fullName":"Rotas de Produtos - Integração GET /api/v1/products/:productId deve retornar 404 para ID inexistente","status":"passed","title":"deve retornar 404 para ID inexistente","duration":8.398599999998623,"failureMessages":[],"meta":{}}],"startTime":1765572393482,"endTime":1765572396773.3987,"status":"passed","message":"","name":"C:/www/api_calvao_de_cria/tests/e2e/routes/product.routes.spec.ts"},{"assertionResults":[{"ancestorTitles":["AuthController (Top-Down L1)","POST /api/v1/auth/register"],"fullName":"AuthController (Top-Down L1) POST /api/v1/auth/register should return 201 when registration is successful","status":"passed","title":"should return 201 when registration is successful","duration":239.50870000000032,"failureMessages":[],"meta":{}},{"ancestorTitles":["AuthController (Top-Down L1)","POST /api/v1/auth/register"],"fullName":"AuthController (Top-Down L1) POST /api/v1/auth/register should return 422 when validation fails","status":"passed","title":"should return 422 when validation fails","duration":1358.5573000000004,"failureMessages":[],"meta":{}},{"ancestorTitles":["AuthController (Top-Down L1)","POST /api/v1/auth/register"],"fullName":"AuthController (Top-Down L1) POST /api/v1/auth/register should return 500 when service throws unexpected error","status":"passed","title":"should return 500 when service throws unexpected error","duration":942.0254999999997,"failureMessages":[],"meta":{}},{"ancestorTitles":["AuthController (Top-Down L1)","POST /api/v1/auth/login"],"fullName":"AuthController (Top-Down L1) POST /api/v1/auth/login should return 200 with tokens when login is successful","status":"passed","title":"should return 200 with tokens when login is successful","duration":14.86279999999897,"failureMessages":[],"meta":{}},{"ancestorTitles":["AuthController (Top-Down L1)","POST /api/v1/auth/login"],"fullName":"AuthController (Top-Down L1) POST /api/v1/auth/login should return 401 when credentials are invalid","status":"passed","title":"should return 401 when credentials are invalid","duration":16.05869999999959,"failureMessages":[],"meta":{}},{"ancestorTitles":["AuthController (Top-Down L1)","POST /api/v1/auth/refresh"],"fullName":"AuthController (Top-Down L1) POST /api/v1/auth/refresh should return 200 with new access token","status":"passed","title":"should return 200 with new access token","duration":13.951399999999921,"failureMessages":[],"meta":{}},{"ancestorTitles":["AuthController (Top-Down L1)","POST /api/v1/auth/refresh"],"fullName":"AuthController (Top-Down L1) POST /api/v1/auth/refresh should return 401 when refresh token is invalid","status":"passed","title":"should return 401 when refresh token is invalid","duration":12.239700000000084,"failureMessages":[],"meta":{}}],"startTime":1765572393534,"endTime":1765572396131.2397,"status":"passed","message":"","name":"C:/www/api_calvao_de_cria/tests/top-down/01-controller/auth.controller.spec.ts"},{"assertionResults":[{"ancestorTitles":["CheckoutController (Top-Down L1)","GET /payment-methods"],"fullName":"CheckoutController (Top-Down L1) GET /payment-methods should return 200 with payment methods list","status":"passed","title":"should return 200 with payment methods list","duration":1020.9027999999998,"failureMessages":[],"meta":{}},{"ancestorTitles":["CheckoutController (Top-Down L1)","GET /payment-methods"],"fullName":"CheckoutController (Top-Down L1) GET /payment-methods should return 500 when service throws error","status":"passed","title":"should return 500 when service throws error","duration":258.96619999999984,"failureMessages":[],"meta":{}},{"ancestorTitles":["CheckoutController (Top-Down L1)","POST /checkout"],"fullName":"CheckoutController (Top-Down L1) POST /checkout should return 201 when order created successfully","status":"passed","title":"should return 201 when order created successfully","duration":17.735000000000582,"failureMessages":[],"meta":{}},{"ancestorTitles":["CheckoutController (Top-Down L1)","POST /checkout"],"fullName":"CheckoutController (Top-Down L1) POST /checkout should propagate service errors correctly","status":"passed","title":"should propagate service errors correctly","duration":8.618400000000292,"failureMessages":[],"meta":{}},{"ancestorTitles":["CheckoutController (Top-Down L1)","POST /checkout/preview"],"fullName":"CheckoutController (Top-Down L1) POST /checkout/preview should return 200 with coupon preview","status":"passed","title":"should return 200 with coupon preview","duration":8.466999999999643,"failureMessages":[],"meta":{}}],"startTime":1765572399069,"endTime":1765572400384.467,"status":"passed","message":"","name":"C:/www/api_calvao_de_cria/tests/top-down/01-controller/checkout.controller.spec.ts"},{"assertionResults":[{"ancestorTitles":["ProductController (Top-Down L1)","GET /api/v1/products"],"fullName":"ProductController (Top-Down L1) GET /api/v1/products should return 200 with paginated products list","status":"passed","title":"should return 200 with paginated products list","duration":152.08590000000004,"failureMessages":[],"meta":{}},{"ancestorTitles":["ProductController (Top-Down L1)","GET /api/v1/products"],"fullName":"ProductController (Top-Down L1) GET /api/v1/products should pass search query to service","status":"passed","title":"should pass search query to service","duration":10.645899999999529,"failureMessages":[],"meta":{}},{"ancestorTitles":["ProductController (Top-Down L1)","GET /api/v1/products"],"fullName":"ProductController (Top-Down L1) GET /api/v1/products should return 500 when service throws error","status":"passed","title":"should return 500 when service throws error","duration":119.17630000000008,"failureMessages":[],"meta":{}},{"ancestorTitles":["ProductController (Top-Down L1)","GET /api/v1/products/:productId"],"fullName":"ProductController (Top-Down L1) GET /api/v1/products/:productId should return 200 with product details","status":"passed","title":"should return 200 with product details","duration":1419.5553999999993,"failureMessages":[],"meta":{}},{"ancestorTitles":["ProductController (Top-Down L1)","GET /api/v1/products/:productId"],"fullName":"ProductController (Top-Down L1) GET /api/v1/products/:productId should return 404 when product not found","status":"passed","title":"should return 404 when product not found","duration":1143.6607000000004,"failureMessages":[],"meta":{}}],"startTime":1765572393533,"endTime":1765572396378.6606,"status":"passed","message":"","name":"C:/www/api_calvao_de_cria/tests/top-down/01-controller/product.controller.spec.ts"},{"assertionResults":[{"ancestorTitles":["Auth Flow (Top-Down L2)","register"],"fullName":"Auth Flow (Top-Down L2) register should hash password before saving to repository","status":"passed","title":"should hash password before saving to repository","duration":160.90189999999984,"failureMessages":[],"meta":{}},{"ancestorTitles":["Auth Flow (Top-Down L2)","register"],"fullName":"Auth Flow (Top-Down L2) register should create empty cart after successful registration","status":"passed","title":"should create empty cart after successful registration","duration":106.4376000000002,"failureMessages":[],"meta":{}},{"ancestorTitles":["Auth Flow (Top-Down L2)","register"],"fullName":"Auth Flow (Top-Down L2) register should propagate repository errors","status":"passed","title":"should propagate repository errors","duration":850.8916000000008,"failureMessages":[],"meta":{}},{"ancestorTitles":["Auth Flow (Top-Down L2)","login"],"fullName":"Auth Flow (Top-Down L2) login should verify password correctly and return tokens","status":"passed","title":"should verify password correctly and return tokens","duration":272.7574000000004,"failureMessages":[],"meta":{}},{"ancestorTitles":["Auth Flow (Top-Down L2)","login"],"fullName":"Auth Flow (Top-Down L2) login should reject invalid password","status":"passed","title":"should reject invalid password","duration":148.98170000000027,"failureMessages":[],"meta":{}},{"ancestorTitles":["Auth Flow (Top-Down L2)","login"],"fullName":"Auth Flow (Top-Down L2) login should reject non-existent user","status":"passed","title":"should reject non-existent user","duration":1.8909000000003289,"failureMessages":[],"meta":{}},{"ancestorTitles":["Auth Flow (Top-Down L2)","refreshAccessToken"],"fullName":"Auth Flow (Top-Down L2) refreshAccessToken should generate new access token for valid refresh token","status":"passed","title":"should generate new access token for valid refresh token","duration":5.291699999999764,"failureMessages":[],"meta":{}},{"ancestorTitles":["Auth Flow (Top-Down L2)","refreshAccessToken"],"fullName":"Auth Flow (Top-Down L2) refreshAccessToken should reject reused/stolen refresh token (token rotation detection)","status":"passed","title":"should reject reused/stolen refresh token (token rotation detection)","duration":3.869699999999284,"failureMessages":[],"meta":{}}],"startTime":1765572393031,"endTime":1765572394582.8696,"status":"passed","message":"","name":"C:/www/api_calvao_de_cria/tests/top-down/02-business-flow/auth.flow.spec.ts"},{"assertionResults":[{"ancestorTitles":["Checkout Flow (Top-Down L2)","createOrder"],"fullName":"Checkout Flow (Top-Down L2) createOrder should calculate totals correctly without coupon","status":"passed","title":"should calculate totals correctly without coupon","duration":23.6837000000005,"failureMessages":[],"meta":{}},{"ancestorTitles":["Checkout Flow (Top-Down L2)","createOrder"],"fullName":"Checkout Flow (Top-Down L2) createOrder should apply fixed coupon correctly","status":"passed","title":"should apply fixed coupon correctly","duration":4.545799999999872,"failureMessages":[],"meta":{}},{"ancestorTitles":["Checkout Flow (Top-Down L2)","createOrder"],"fullName":"Checkout Flow (Top-Down L2) createOrder should throw error when cart is empty","status":"passed","title":"should throw error when cart is empty","duration":5.754899999999907,"failureMessages":[],"meta":{}},{"ancestorTitles":["Checkout Flow (Top-Down L2)","createOrder"],"fullName":"Checkout Flow (Top-Down L2) createOrder should throw error when address not found","status":"passed","title":"should throw error when address not found","duration":3.5900999999994383,"failureMessages":[],"meta":{}},{"ancestorTitles":["Checkout Flow (Top-Down L2)","createOrder"],"fullName":"Checkout Flow (Top-Down L2) createOrder should throw error when payment method is disabled","status":"passed","title":"should throw error when payment method is disabled","duration":3.7397000000000844,"failureMessages":[],"meta":{}},{"ancestorTitles":["Checkout Flow (Top-Down L2)","createOrder"],"fullName":"Checkout Flow (Top-Down L2) createOrder should generate sequential order numbers","status":"passed","title":"should generate sequential order numbers","duration":3.6729999999997744,"failureMessages":[],"meta":{}},{"ancestorTitles":["Checkout Flow (Top-Down L2)","previewCoupon"],"fullName":"Checkout Flow (Top-Down L2) previewCoupon should calculate discount correctly for percentage coupon","status":"passed","title":"should calculate discount correctly for percentage coupon","duration":3.38550000000032,"failureMessages":[],"meta":{}},{"ancestorTitles":["Checkout Flow (Top-Down L2)","previewCoupon"],"fullName":"Checkout Flow (Top-Down L2) previewCoupon should throw error when minimum purchase not met","status":"passed","title":"should throw error when minimum purchase not met","duration":3.1228999999993903,"failureMessages":[],"meta":{}}],"startTime":1765572392654,"endTime":1765572392706.1228,"status":"passed","message":"","name":"C:/www/api_calvao_de_cria/tests/top-down/02-business-flow/checkout.flow.spec.ts"},{"assertionResults":[{"ancestorTitles":["OrderRepository (Top-Down L3)","createOrderTransactional"],"fullName":"OrderRepository (Top-Down L3) createOrderTransactional should create order and update stock atomically","status":"passed","title":"should create order and update stock atomically","duration":2537.3756999999996,"failureMessages":[],"meta":{}},{"ancestorTitles":["OrderRepository (Top-Down L3)","createOrderTransactional"],"fullName":"OrderRepository (Top-Down L3) createOrderTransactional should rollback transaction on error","status":"passed","title":"should rollback transaction on error","duration":237.6944999999996,"failureMessages":[],"meta":{}},{"ancestorTitles":["OrderRepository (Top-Down L3)","findLastByDatePrefix"],"fullName":"OrderRepository (Top-Down L3) findLastByDatePrefix should find the last order by date prefix","status":"passed","title":"should find the last order by date prefix","duration":342.1839,"failureMessages":[],"meta":{}},{"ancestorTitles":["OrderRepository (Top-Down L3)","findLastByDatePrefix"],"fullName":"OrderRepository (Top-Down L3) findLastByDatePrefix should return null when no orders exist for date","status":"passed","title":"should return null when no orders exist for date","duration":301.27269999999953,"failureMessages":[],"meta":{}},{"ancestorTitles":["OrderRepository (Top-Down L3)","findAllByUserId"],"fullName":"OrderRepository (Top-Down L3) findAllByUserId should return paginated orders for user","status":"passed","title":"should return paginated orders for user","duration":691.0264999999999,"failureMessages":[],"meta":{}},{"ancestorTitles":["OrderRepository (Top-Down L3)","findSummaryByUserId"],"fullName":"OrderRepository (Top-Down L3) findSummaryByUserId should return order summary statistics","status":"passed","title":"should return order summary statistics","duration":213.55010000000038,"failureMessages":[],"meta":{}},{"ancestorTitles":["OrderRepository (Top-Down L3)","findSummaryByUserId"],"fullName":"OrderRepository (Top-Down L3) findSummaryByUserId should return empty summary for user without orders","status":"passed","title":"should return empty summary for user without orders","duration":106.65370000000075,"failureMessages":[],"meta":{}}],"startTime":1765572393107,"endTime":1765572397538.6538,"status":"passed","message":"","name":"C:/www/api_calvao_de_cria/tests/top-down/03-database/order.repository.spec.ts"},{"assertionResults":[{"ancestorTitles":["AuthService","register"],"fullName":"AuthService register deve registrar um novo usuário com sucesso","status":"passed","title":"deve registrar um novo usuário com sucesso","duration":155.20330000000013,"failureMessages":[],"meta":{}},{"ancestorTitles":["AuthService","register"],"fullName":"AuthService register deve lançar erro quando repositório falha (ex: email duplicado)","status":"passed","title":"deve lançar erro quando repositório falha (ex: email duplicado)","duration":980.8321999999998,"failureMessages":[],"meta":{}},{"ancestorTitles":["AuthService","login"],"fullName":"AuthService login deve fazer login com credenciais corretas","status":"passed","title":"deve fazer login com credenciais corretas","duration":796.1658000000007,"failureMessages":[],"meta":{}},{"ancestorTitles":["AuthService","login"],"fullName":"AuthService login deve retornar 401 com senha incorreta","status":"passed","title":"deve retornar 401 com senha incorreta","duration":21.98990000000049,"failureMessages":[],"meta":{}},{"ancestorTitles":["AuthService","login"],"fullName":"AuthService login deve retornar 401 quando usuário não existe","status":"passed","title":"deve retornar 401 quando usuário não existe","duration":3.188300000001618,"failureMessages":[],"meta":{}},{"ancestorTitles":["AuthService","refreshAccessToken"],"fullName":"AuthService refreshAccessToken deve renovar token com sucesso","status":"passed","title":"deve renovar token com sucesso","duration":6.3685999999997875,"failureMessages":[],"meta":{}},{"ancestorTitles":["AuthService","refreshAccessToken"],"fullName":"AuthService refreshAccessToken deve falhar quando hash do refresh token não confere (Detecção de Reuso)","status":"passed","title":"deve falhar quando hash do refresh token não confere (Detecção de Reuso)","duration":4.5495000000009895,"failureMessages":[],"meta":{}}],"startTime":1765572392724,"endTime":1765572394693.5496,"status":"passed","message":"","name":"C:/www/api_calvao_de_cria/tests/unit/services/auth.service.spec.ts"},{"assertionResults":[{"ancestorTitles":["CartService","addItemToCart"],"fullName":"CartService addItemToCart deve calcular totais corretamente ao adicionar item","status":"passed","title":"deve calcular totais corretamente ao adicionar item","duration":97.88619999999992,"failureMessages":[],"meta":{}},{"ancestorTitles":["CartService","addItemToCart"],"fullName":"CartService addItemToCart deve lançar 409 quando estoque é insuficiente","status":"passed","title":"deve lançar 409 quando estoque é insuficiente","duration":103.77869999999984,"failureMessages":[],"meta":{}},{"ancestorTitles":["CartService","mergeCarts"],"fullName":"CartService mergeCarts deve mesclar itens do carrinho de visitante no carrinho do usuário","status":"passed","title":"deve mesclar itens do carrinho de visitante no carrinho do usuário","duration":96.27379999999994,"failureMessages":[],"meta":{}}],"startTime":1765572393172,"endTime":1765572393470.2737,"status":"passed","message":"","name":"C:/www/api_calvao_de_cria/tests/unit/services/cart.service.spec.ts"},{"assertionResults":[{"ancestorTitles":["CheckoutService","previewCoupon"],"fullName":"CheckoutService previewCoupon deve aplicar desconto fixo corretamente","status":"passed","title":"deve aplicar desconto fixo corretamente","duration":1.483299999999872,"failureMessages":[],"meta":{}},{"ancestorTitles":["CheckoutService","previewCoupon"],"fullName":"CheckoutService previewCoupon deve dar erro quando valor mínimo de compra não é atingido","status":"passed","title":"deve dar erro quando valor mínimo de compra não é atingido","duration":1.2836000000006607,"failureMessages":[],"meta":{}},{"ancestorTitles":["CheckoutService","createOrder"],"fullName":"CheckoutService createOrder deve gerar número do pedido corretamente","status":"passed","title":"deve gerar número do pedido corretamente","duration":3.0153000000000247,"failureMessages":[],"meta":{}},{"ancestorTitles":["CheckoutService","createOrder"],"fullName":"CheckoutService createOrder deve lançar 500 quando gateway de pagamento falha","status":"passed","title":"deve lançar 500 quando gateway de pagamento falha","duration":1.8987999999999374,"failureMessages":[],"meta":{}},{"ancestorTitles":["CheckoutService","createOrder"],"fullName":"CheckoutService createOrder deve limpar carrinho após criar pedido (Correção de Bug: Carrinho Infinito)","status":"passed","title":"deve limpar carrinho após criar pedido (Correção de Bug: Carrinho Infinito)","duration":1.0551000000004933,"failureMessages":[],"meta":{}}],"startTime":1765572392724,"endTime":1765572392733.0552,"status":"passed","message":"","name":"C:/www/api_calvao_de_cria/tests/unit/services/checkout.service.spec.ts"},{"assertionResults":[{"ancestorTitles":["ProductService","listPublicProducts"],"fullName":"ProductService listPublicProducts deve retornar lista paginada de produtos","status":"passed","title":"deve retornar lista paginada de produtos","duration":39.092499999999745,"failureMessages":[],"meta":{}},{"ancestorTitles":["ProductService","listPublicProducts"],"fullName":"ProductService listPublicProducts deve aplicar filtro de busca por nome","status":"passed","title":"deve aplicar filtro de busca por nome","duration":6.0374000000001615,"failureMessages":[],"meta":{}},{"ancestorTitles":["ProductService","listPublicProducts"],"fullName":"ProductService listPublicProducts deve aplicar filtros de faixa de preço","status":"passed","title":"deve aplicar filtros de faixa de preço","duration":4.095100000000457,"failureMessages":[],"meta":{}},{"ancestorTitles":["ProductService","getPublicProductDetails"],"fullName":"ProductService getPublicProductDetails deve retornar detalhes do produto quando encontrado","status":"passed","title":"deve retornar detalhes do produto quando encontrado","duration":96.1881000000003,"failureMessages":[],"meta":{}},{"ancestorTitles":["ProductService","getPublicProductDetails"],"fullName":"ProductService getPublicProductDetails deve lançar 404 quando produto não é encontrado","status":"passed","title":"deve lançar 404 quando produto não é encontrado","duration":64.55599999999959,"failureMessages":[],"meta":{}}],"startTime":1765572392756,"endTime":1765572392966.556,"status":"passed","message":"","name":"C:/www/api_calvao_de_cria/tests/unit/services/product.service.spec.ts"},{"assertionResults":[{"ancestorTitles":["UserService","getUserProfile"],"fullName":"UserService getUserProfile deve retornar perfil do usuário quando encontrado","status":"passed","title":"deve retornar perfil do usuário quando encontrado","duration":21.622299999999996,"failureMessages":[],"meta":{}},{"ancestorTitles":["UserService","getUserProfile"],"fullName":"UserService getUserProfile deve lançar 404 quando usuário não é encontrado","status":"passed","title":"deve lançar 404 quando usuário não é encontrado","duration":5.920600000000377,"failureMessages":[],"meta":{}},{"ancestorTitles":["UserService","updateUserProfile"],"fullName":"UserService updateUserProfile deve atualizar perfil do usuário com sucesso","status":"passed","title":"deve atualizar perfil do usuário com sucesso","duration":3.713999999999942,"failureMessages":[],"meta":{}},{"ancestorTitles":["UserService","updateUserProfile"],"fullName":"UserService updateUserProfile deve lançar 500 quando atualização falha (retorna null)","status":"passed","title":"deve lançar 500 quando atualização falha (retorna null)","duration":70.97049999999945,"failureMessages":[],"meta":{}},{"ancestorTitles":["UserService","changePassword"],"fullName":"UserService changePassword deve alterar senha com sucesso","status":"passed","title":"deve alterar senha com sucesso","duration":130.08719999999994,"failureMessages":[],"meta":{}}],"startTime":1765572392957,"endTime":1765572393190.0872,"status":"passed","message":"","name":"C:/www/api_calvao_de_cria/tests/unit/services/user.service.spec.ts"}]}
